MosaicArt.obj : error LNK2019: 未解決の外部シンボル "public: __thiscall cv::Exception::Exception(int,class std::basic_string<char,struct std::char_traits<char>,class std::allocator<char> > const &,class std::basic_string<char,struct std::char_traits<char>,class std::allocator<char> > const &,class std::basic_string<char,struct std::char_traits<char>,class std::allocator<char> > const &,int)" (??0Exception@cv@@QAE@HABV?$basic_string@DU?$char_traits@D@std@@V?$allocator@D@2@@std@@00H@Z) が関数 "public: class cv::Vec<unsigned char,3> * __thiscall cv::Mat::ptr<class cv::Vec<unsigned char,3> >(int)" (??$ptr@V?$Vec@E$02@cv@@@Mat@cv@@QAEPAV?$Vec@E$02@1@H@Z) で参照されました。
MosaicArt.obj : error LNK2019: 未解決の外部シンボル "public: virtual __thiscall cv::Exception::~Exception(void)" (??1Exception@cv@@UAE@XZ) が関数 "public: class cv::Vec<unsigned char,3> * __thiscall cv::Mat::ptr<class cv::Vec<unsigned char,3> >(int)" (??$ptr@V?$Vec@E$02@cv@@@Mat@cv@@QAEPAV?$Vec@E$02@1@H@Z) で参照されました。
MosaicArt.obj : error LNK2019: 未解決の外部シンボル "void __cdecl cv::error(class cv::Exception const &)" (?error@cv@@YAXABVException@1@@Z) が関数 "public: class cv::Vec<unsigned char,3> * __thiscall cv::Mat::ptr<class cv::Vec<unsigned char,3> >(int)" (??$ptr@V?$Vec@E$02@cv@@@Mat@cv@@QAEPAV?$Vec@E$02@1@H@Z) で参照されました。
MosaicArt.obj : error LNK2019: 未解決の外部シンボル "void __cdecl cv::fastFree(void *)" (?fastFree@cv@@YAXPAX@Z) が関数 "public: __thiscall cv::Mat::~Mat(void)" (??1Mat@cv@@QAE@XZ) で参照されました。
MosaicArt.obj : error LNK2019: 未解決の外部シンボル "public: __thiscall cv::_InputArray::_InputArray(class cv::Mat const &)" (??0_InputArray@cv@@QAE@ABVMat@1@@Z) が関数 _main で参照されました。
MosaicArt.obj : error LNK2019: 未解決の外部シンボル "public: __thiscall cv::_OutputArray::_OutputArray(class cv::Mat &)" (??0_OutputArray@cv@@QAE@AAVMat@1@@Z) が関数 _main で参照されました。
MosaicArt.obj : error LNK2019: 未解決の外部シンボル "public: __thiscall cv::_OutputArray::_OutputArray(class cv::Mat const &)" (??0_OutputArray@cv@@QAE@ABVMat@1@@Z) が関数 _main で参照されました。
MosaicArt.obj : error LNK2019: 未解決の外部シンボル "public: __thiscall cv::Mat::Mat(class cv::Mat const &,class cv::Rect_<int> const &)" (??0Mat@cv@@QAE@ABV01@ABV?$Rect_@H@1@@Z) が関数 _main で参照されました。
MosaicArt.obj : error LNK2019: 未解決の外部シンボル "public: void __thiscall cv::Mat::copyTo(class cv::_OutputArray const &)const " (?copyTo@Mat@cv@@QBEXABV_OutputArray@2@@Z) が関数 _main で参照されました。
MosaicArt.obj : error LNK2019: 未解決の外部シンボル "public: class cv::Mat & __thiscall cv::Mat::operator=(class cv::Scalar_<double> const &)" (??4Mat@cv@@QAEAAV01@ABV?$Scalar_@N@1@@Z) が関数 "public: __thiscall cv::Mat::Mat(class cv::Size_<int>,int,class cv::Scalar_<double> const &)" (??0Mat@cv@@QAE@V?$Size_@H@1@HABV?$Scalar_@N@1@@Z) で参照されました。
MosaicArt.obj : error LNK2019: 未解決の外部シンボル "public: void __thiscall cv::Mat::create(int,int const *,int)" (?create@Mat@cv@@QAEXHPBHH@Z) が関数 "public: void __thiscall cv::Mat::create(int,int,int)" (?create@Mat@cv@@QAEXHHH@Z) で参照されました。
MosaicArt.obj : error LNK2019: 未解決の外部シンボル "public: void __thiscall cv::Mat::deallocate(void)" (?deallocate@Mat@cv@@QAEXXZ) が関数 "public: void __thiscall cv::Mat::release(void)" (?release@Mat@cv@@QAEXXZ) で参照されました。
MosaicArt.obj : error LNK2019: 未解決の外部シンボル "public: void __thiscall cv::Mat::copySize(class cv::Mat const &)" (?copySize@Mat@cv@@QAEXABV12@@Z) が関数 "public: class cv::Mat & __thiscall cv::Mat::operator=(class cv::Mat const &)" (??4Mat@cv@@QAEAAV01@ABV01@@Z) で参照されました。
MosaicArt.obj : error LNK2019: 未解決の外部シンボル "int __cdecl cv::_interlockedExchangeAdd(int *,int)" (?_interlockedExchangeAdd@cv@@YAHPAHH@Z) が関数 "public: class cv::Mat & __thiscall cv::Mat::operator=(class cv::Mat const &)" (??4Mat@cv@@QAEAAV01@ABV01@@Z) で参照されました。
MosaicArt.obj : error LNK2019: 未解決の外部シンボル "void __cdecl cv::resize(class cv::_InputArray const &,class cv::_OutputArray const &,class cv::Size_<int>,double,double,int)" (?resize@cv@@YAXABV_InputArray@1@ABV_OutputArray@1@V?$Size_@H@1@NNH@Z) が関数 _main で参照されました。
MosaicArt.obj : error LNK2019: 未解決の外部シンボル "class cv::Mat __cdecl cv::imread(class std::basic_string<char,struct std::char_traits<char>,class std::allocator<char> > const &,int)" (?imread@cv@@YA?AVMat@1@ABV?$basic_string@DU?$char_traits@D@std@@V?$allocator@D@2@@std@@H@Z) が関数 _main で参照されました。
MosaicArt.obj : error LNK2019: 未解決の外部シンボル "bool __cdecl cv::imwrite(class std::basic_string<char,struct std::char_traits<char>,class std::allocator<char> > const &,class cv::_InputArray const &,class std::vector<int,class std::allocator<int> > const &)" (?imwrite@cv@@YA_NABV?$basic_string@DU?$char_traits@D@std@@V?$allocator@D@2@@std@@ABV_InputArray@1@ABV?$vector@HV?$allocator@H@std@@@3@@Z) が関数 _main で参照されました。
MosaicArt.obj : error LNK2019: 未解決の外部シンボル "public: __thiscall cv::VideoCapture::VideoCapture(class std::basic_string<char,struct std::char_traits<char>,class std::allocator<char> > const &)" (??0VideoCapture@cv@@QAE@ABV?$basic_string@DU?$char_traits@D@std@@V?$allocator@D@2@@std@@@Z) が関数 _main で参照されました。
MosaicArt.obj : error LNK2019: 未解決の外部シンボル "public: virtual __thiscall cv::VideoCapture::~VideoCapture(void)" (??1VideoCapture@cv@@UAE@XZ) が関数 _main で参照されました。
MosaicArt.obj : error LNK2019: 未解決の外部シンボル "public: virtual bool __thiscall cv::VideoCapture::set(int,double)" (?set@VideoCapture@cv@@UAE_NHN@Z) が関数 _main で参照されました。
MosaicArt.obj : error LNK2019: 未解決の外部シンボル "public: virtual double __thiscall cv::VideoCapture::get(int)" (?get@VideoCapture@cv@@UAENH@Z) が関数 _main で参照されました。
C:\Users\miyahara\source\repos\MosaicArt\Debug\MosaicArt.exe : fatal error LNK1120: 21 件の未解決の外部参照
